-------------------------------------------------------------------------------
Test set: ru.leo.springDemo.RestServiceApplicationTests
-------------------------------------------------------------------------------
Tests run: 1, Failures: 0, Errors: 1, Skipped: 0, Time elapsed: 4.946 s <<< FAILURE! - in ru.leo.springDemo.RestServiceApplicationTests
contextLoads  Time elapsed: 0.001 s  <<< ERROR!
java.lang.IllegalStateException: Failed to load ApplicationContext
Caused by: org.springframework.beans.factory.BeanCreationException: Error creating bean with name 'liquibase' defined in class path resource [org/springframework/boot/autoconfigure/liquibase/LiquibaseAutoConfiguration$LiquibaseConfiguration.class]: Invocation of init method failed; nested exception is liquibase.exception.ChangeLogParseException: Error parsing classpath:/db/changelog/db.changelog-master.yaml
Caused by: liquibase.exception.ChangeLogParseException: Error parsing classpath:/db/changelog/db.changelog-master.yaml
Caused by: java.io.FileNotFoundException: class path resource [db/changelog/db.changelog-master.yaml] cannot be resolved to URL because it does not exist

